[19-Oct-2015 15:13:28 UTC] PHP Notice:  Use of undefined constant php - assumed 'php' in /Users/newowner/workspace/fccTest/wp-content/plugins/fccTest-custom/shortcodes.php on line 413
[19-Oct-2015 15:18:08 UTC] PHP Notice:  Use of undefined constant php - assumed 'php' in /Users/newowner/workspace/fccTest/wp-content/plugins/fccTest-custom/shortcodes.php on line 413
[19-Oct-2015 15:18:40 UTC] PHP Notice:  Use of undefined constant php - assumed 'php' in /Users/newowner/workspace/fccTest/wp-content/plugins/fccTest-custom/shortcodes.php on line 413
[19-Oct-2015 15:18:46 UTC] PHP Notice:  Use of undefined constant php - assumed 'php' in /Users/newowner/workspace/fccTest/wp-content/plugins/fccTest-custom/shortcodes.php on line 413
[19-Oct-2015 15:19:38 UTC] PHP Notice:  Use of undefined constant php - assumed 'php' in /Users/newowner/workspace/fccTest/wp-content/plugins/fccTest-custom/shortcodes.php on line 413
[19-Oct-2015 15:19:48 UTC] PHP Notice:  Use of undefined constant php - assumed 'php' in /Users/newowner/workspace/fccTest/wp-content/plugins/fccTest-custom/shortcodes.php on line 413
[19-Oct-2015 15:19:54 UTC] PHP Notice:  Use of undefined constant php - assumed 'php' in /Users/newowner/workspace/fccTest/wp-content/plugins/fccTest-custom/shortcodes.php on line 413
[19-Oct-2015 15:25:58 UTC] PHP Notice:  Use of undefined constant php - assumed 'php' in /Users/newowner/workspace/fccTest/wp-content/plugins/fccTest-custom/shortcodes.php on line 413
[19-Oct-2015 15:26:15 UTC] PHP Notice:  Use of undefined constant php - assumed 'php' in /Users/newowner/workspace/fccTest/wp-content/plugins/fccTest-custom/shortcodes.php on line 413
[19-Oct-2015 15:27:41 UTC] PHP Notice:  Use of undefined constant php - assumed 'php' in /Users/newowner/workspace/fccTest/wp-content/plugins/fccTest-custom/shortcodes.php on line 413
[19-Oct-2015 15:30:23 UTC] PHP Notice:  Use of undefined constant php - assumed 'php' in /Users/newowner/workspace/fccTest/wp-content/plugins/fccTest-custom/shortcodes.php on line 413
[19-Oct-2015 15:31:52 UTC] PHP Notice:  Use of undefined constant php - assumed 'php' in /Users/newowner/workspace/fccTest/wp-content/plugins/fccTest-custom/shortcodes.php on line 413
[19-Oct-2015 15:38:00 UTC] PHP Notice:  Use of undefined constant php - assumed 'php' in /Users/newowner/workspace/fccTest/wp-content/plugins/fccTest-custom/shortcodes.php on line 413
[19-Oct-2015 15:38:41 UTC] PHP Notice:  Use of undefined constant php - assumed 'php' in /Users/newowner/workspace/fccTest/wp-content/plugins/fccTest-custom/shortcodes.php on line 413
[19-Oct-2015 15:41:11 UTC] PHP Notice:  Use of undefined constant php - assumed 'php' in /Users/newowner/workspace/fccTest/wp-content/plugins/fccTest-custom/shortcodes.php on line 413
[19-Oct-2015 15:41:21 UTC] PHP Notice:  Use of undefined constant php - assumed 'php' in /Users/newowner/workspace/fccTest/wp-content/plugins/fccTest-custom/shortcodes.php on line 413
[19-Oct-2015 15:42:12 UTC] PHP Notice:  Use of undefined constant php - assumed 'php' in /Users/newowner/workspace/fccTest/wp-content/plugins/fccTest-custom/shortcodes.php on line 413
[19-Oct-2015 15:42:27 UTC] PHP Notice:  Use of undefined constant php - assumed 'php' in /Users/newowner/workspace/fccTest/wp-content/plugins/fccTest-custom/shortcodes.php on line 413
[19-Oct-2015 15:48:02 UTC] PHP Notice:  Use of undefined constant php - assumed 'php' in /Users/newowner/workspace/fccTest/wp-content/plugins/fccTest-custom/shortcodes.php on line 413
[19-Oct-2015 15:49:10 UTC] PHP Notice:  Use of undefined constant php - assumed 'php' in /Users/newowner/workspace/fccTest/wp-content/plugins/fccTest-custom/shortcodes.php on line 413
[19-Oct-2015 15:49:37 UTC] PHP Notice:  Use of undefined constant php - assumed 'php' in /Users/newowner/workspace/fccTest/wp-content/plugins/fccTest-custom/shortcodes.php on line 413
[19-Oct-2015 15:50:25 UTC] PHP Notice:  Use of undefined constant php - assumed 'php' in /Users/newowner/workspace/fccTest/wp-content/plugins/fccTest-custom/shortcodes.php on line 413
[19-Oct-2015 15:58:36 UTC] PHP Notice:  Use of undefined constant php - assumed 'php' in /Users/newowner/workspace/fccTest/wp-content/plugins/fccTest-custom/shortcodes.php on line 413
[19-Oct-2015 16:01:57 UTC] PHP Notice:  Use of undefined constant php - assumed 'php' in /Users/newowner/workspace/fccTest/wp-content/plugins/fccTest-custom/shortcodes.php on line 413
[19-Oct-2015 16:04:47 UTC] PHP Notice:  Use of undefined constant php - assumed 'php' in /Users/newowner/workspace/fccTest/wp-content/plugins/fccTest-custom/shortcodes.php on line 413
[19-Oct-2015 16:05:05 UTC] PHP Notice:  Use of undefined constant php - assumed 'php' in /Users/newowner/workspace/fccTest/wp-content/plugins/fccTest-custom/shortcodes.php on line 413
[19-Oct-2015 16:06:50 UTC] PHP Notice:  Use of undefined constant php - assumed 'php' in /Users/newowner/workspace/fccTest/wp-content/plugins/fccTest-custom/shortcodes.php on line 413
[19-Oct-2015 16:07:21 UTC] PHP Notice:  Use of undefined constant php - assumed 'php' in /Users/newowner/workspace/fccTest/wp-content/plugins/fccTest-custom/shortcodes.php on line 413
[19-Oct-2015 16:10:39 UTC] PHP Notice:  Use of undefined constant php - assumed 'php' in /Users/newowner/workspace/fccTest/wp-content/plugins/fccTest-custom/shortcodes.php on line 413
[19-Oct-2015 16:16:30 UTC] PHP Notice:  Use of undefined constant php - assumed 'php' in /Users/newowner/workspace/fccTest/wp-content/plugins/fccTest-custom/shortcodes.php on line 413
[19-Oct-2015 16:16:37 UTC] PHP Notice:  Use of undefined constant php - assumed 'php' in /Users/newowner/workspace/fccTest/wp-content/plugins/fccTest-custom/shortcodes.php on line 413
[19-Oct-2015 16:17:29 UTC] PHP Notice:  Use of undefined constant php - assumed 'php' in /Users/newowner/workspace/fccTest/wp-content/plugins/fccTest-custom/shortcodes.php on line 413
[19-Oct-2015 16:18:29 UTC] PHP Notice:  Use of undefined constant php - assumed 'php' in /Users/newowner/workspace/fccTest/wp-content/plugins/fccTest-custom/shortcodes.php on line 413
[19-Oct-2015 16:24:07 UTC] PHP Notice:  Use of undefined constant php - assumed 'php' in /Users/newowner/workspace/fccTest/wp-content/plugins/fccTest-custom/shortcodes.php on line 413
[19-Oct-2015 16:39:24 UTC] PHP Notice:  Use of undefined constant php - assumed 'php' in /Users/newowner/workspace/fccTest/wp-content/plugins/fccTest-custom/shortcodes.php on line 413
[19-Oct-2015 16:42:53 UTC] PHP Notice:  Use of undefined constant php - assumed 'php' in /Users/newowner/workspace/fccTest/wp-content/plugins/fccTest-custom/shortcodes.php on line 413
[19-Oct-2015 16:50:33 UTC] PHP Notice:  Use of undefined constant php - assumed 'php' in /Users/newowner/workspace/fccTest/wp-content/plugins/fccTest-custom/shortcodes.php on line 413
[19-Oct-2015 16:58:34 UTC] PHP Notice:  Use of undefined constant php - assumed 'php' in /Users/newowner/workspace/fccTest/wp-content/plugins/fccTest-custom/shortcodes.php on line 413
[19-Oct-2015 17:13:20 UTC] PHP Notice:  Use of undefined constant php - assumed 'php' in /Users/newowner/workspace/fccTest/wp-content/plugins/fccTest-custom/shortcodes.php on line 413
[19-Oct-2015 17:15:36 UTC] PHP Notice:  Use of undefined constant php - assumed 'php' in /Users/newowner/workspace/fccTest/wp-content/plugins/fccTest-custom/shortcodes.php on line 413
[19-Oct-2015 17:17:05 UTC] PHP Notice:  Use of undefined constant php - assumed 'php' in /Users/newowner/workspace/fccTest/wp-content/plugins/fccTest-custom/shortcodes.php on line 413
[19-Oct-2015 17:17:27 UTC] PHP Notice:  Use of undefined constant php - assumed 'php' in /Users/newowner/workspace/fccTest/wp-content/plugins/fccTest-custom/shortcodes.php on line 413
[19-Oct-2015 17:17:41 UTC] PHP Notice:  Use of undefined constant php - assumed 'php' in /Users/newowner/workspace/fccTest/wp-content/plugins/fccTest-custom/shortcodes.php on line 413
[19-Oct-2015 17:18:14 UTC] PHP Notice:  Use of undefined constant php - assumed 'php' in /Users/newowner/workspace/fccTest/wp-content/plugins/fccTest-custom/shortcodes.php on line 413
[19-Oct-2015 17:18:32 UTC] PHP Notice:  Use of undefined constant php - assumed 'php' in /Users/newowner/workspace/fccTest/wp-content/plugins/fccTest-custom/shortcodes.php on line 413
[19-Oct-2015 17:20:06 UTC] PHP Notice:  Use of undefined constant php - assumed 'php' in /Users/newowner/workspace/fccTest/wp-content/plugins/fccTest-custom/shortcodes.php on line 413
[19-Oct-2015 17:21:30 UTC] PHP Notice:  Use of undefined constant php - assumed 'php' in /Users/newowner/workspace/fccTest/wp-content/plugins/fccTest-custom/shortcodes.php on line 413
[19-Oct-2015 17:22:12 UTC] PHP Notice:  Use of undefined constant php - assumed 'php' in /Users/newowner/workspace/fccTest/wp-content/plugins/fccTest-custom/shortcodes.php on line 413
[19-Oct-2015 17:23:25 UTC] PHP Notice:  Use of undefined constant php - assumed 'php' in /Users/newowner/workspace/fccTest/wp-content/plugins/fccTest-custom/shortcodes.php on line 413
[19-Oct-2015 17:23:40 UTC] PHP Notice:  Use of undefined constant php - assumed 'php' in /Users/newowner/workspace/fccTest/wp-content/plugins/fccTest-custom/shortcodes.php on line 413
[19-Oct-2015 17:24:27 UTC] PHP Notice:  Use of undefined constant php - assumed 'php' in /Users/newowner/workspace/fccTest/wp-content/plugins/fccTest-custom/shortcodes.php on line 413
[19-Oct-2015 17:25:10 UTC] PHP Notice:  Use of undefined constant php - assumed 'php' in /Users/newowner/workspace/fccTest/wp-content/plugins/fccTest-custom/shortcodes.php on line 413
[19-Oct-2015 17:25:30 UTC] PHP Notice:  Use of undefined constant php - assumed 'php' in /Users/newowner/workspace/fccTest/wp-content/plugins/fccTest-custom/shortcodes.php on line 413
[19-Oct-2015 17:25:58 UTC] PHP Notice:  Use of undefined constant php - assumed 'php' in /Users/newowner/workspace/fccTest/wp-content/plugins/fccTest-custom/shortcodes.php on line 413
[19-Oct-2015 17:26:18 UTC] PHP Notice:  Use of undefined constant php - assumed 'php' in /Users/newowner/workspace/fccTest/wp-content/plugins/fccTest-custom/shortcodes.php on line 413
[19-Oct-2015 18:32:51 UTC] PHP Notice:  Use of undefined constant php - assumed 'php' in /Users/newowner/workspace/fccTest/wp-content/plugins/fccTest-custom/shortcodes.php on line 413
[19-Oct-2015 18:33:00 UTC] PHP Notice:  Use of undefined constant php - assumed 'php' in /Users/newowner/workspace/fccTest/wp-content/plugins/fccTest-custom/shortcodes.php on line 413
[19-Oct-2015 18:35:17 UTC] PHP Notice:  Use of undefined constant php - assumed 'php' in /Users/newowner/workspace/fccTest/wp-content/plugins/fccTest-custom/shortcodes.php on line 414
[19-Oct-2015 18:38:34 UTC] PHP Notice:  Use of undefined constant php - assumed 'php' in /Users/newowner/workspace/fccTest/wp-content/plugins/fccTest-custom/shortcodes.php on line 413
[19-Oct-2015 18:40:36 UTC] PHP Notice:  Use of undefined constant php - assumed 'php' in /Users/newowner/workspace/fccTest/wp-content/plugins/fccTest-custom/shortcodes.php on line 422
[19-Oct-2015 18:40:48 UTC] PHP Notice:  Use of undefined constant php - assumed 'php' in /Users/newowner/workspace/fccTest/wp-content/plugins/fccTest-custom/shortcodes.php on line 422
[19-Oct-2015 18:40:58 UTC] PHP Notice:  Use of undefined constant php - assumed 'php' in /Users/newowner/workspace/fccTest/wp-content/plugins/fccTest-custom/shortcodes.php on line 422
[19-Oct-2015 18:42:31 UTC] PHP Notice:  Use of undefined constant php - assumed 'php' in /Users/newowner/workspace/fccTest/wp-content/plugins/fccTest-custom/shortcodes.php on line 422
[19-Oct-2015 18:43:03 UTC] PHP Notice:  Use of undefined constant php - assumed 'php' in /Users/newowner/workspace/fccTest/wp-content/plugins/fccTest-custom/shortcodes.php on line 422
[19-Oct-2015 18:47:04 UTC] PHP Notice:  Use of undefined constant php - assumed 'php' in /Users/newowner/workspace/fccTest/wp-content/plugins/fccTest-custom/shortcodes.php on line 422
[19-Oct-2015 18:51:59 UTC] PHP Notice:  Use of undefined constant php - assumed 'php' in /Users/newowner/workspace/fccTest/wp-content/plugins/fccTest-custom/shortcodes.php on line 422
[19-Oct-2015 19:06:57 UTC] PHP Notice:  Use of undefined constant php - assumed 'php' in /Users/newowner/workspace/fccTest/wp-content/plugins/fccTest-custom/shortcodes.php on line 422
[19-Oct-2015 19:42:22 UTC] PHP Notice:  Undefined index: logout_type in /Users/newowner/workspace/fccTest/wp-content/plugins/theme-my-login/modules/custom-redirection/custom-redirection.php on line 118
[19-Oct-2015 19:42:22 UTC] PHP Warning:  Cannot modify header information - headers already sent by (output started at /Users/newowner/workspace/fccTest/wp-content/plugins/theme-my-login/modules/custom-redirection/custom-redirection.php:118) in /Users/newowner/workspace/fccTest/wp-includes/pluggable.php on line 1207
[19-Oct-2015 19:42:24 UTC] PHP Notice:  Undefined index: logout_type in /Users/newowner/workspace/fccTest/wp-content/plugins/theme-my-login/modules/custom-redirection/custom-redirection.php on line 118
[19-Oct-2015 19:42:24 UTC] PHP Warning:  Cannot modify header information - headers already sent by (output started at /Users/newowner/workspace/fccTest/wp-content/plugins/theme-my-login/modules/custom-redirection/custom-redirection.php:118) in /Users/newowner/workspace/fccTest/wp-includes/pluggable.php on line 1207
[19-Oct-2015 19:42:28 UTC] PHP Notice:  Undefined index: logout_type in /Users/newowner/workspace/fccTest/wp-content/plugins/theme-my-login/modules/custom-redirection/custom-redirection.php on line 118
[19-Oct-2015 19:42:28 UTC] PHP Warning:  Cannot modify header information - headers already sent by (output started at /Users/newowner/workspace/fccTest/wp-content/plugins/theme-my-login/modules/custom-redirection/custom-redirection.php:118) in /Users/newowner/workspace/fccTest/wp-includes/pluggable.php on line 1207
[19-Oct-2015 19:42:30 UTC] PHP Notice:  Undefined index: logout_type in /Users/newowner/workspace/fccTest/wp-content/plugins/theme-my-login/modules/custom-redirection/custom-redirection.php on line 118
[19-Oct-2015 19:42:30 UTC] PHP Warning:  Cannot modify header information - headers already sent by (output started at /Users/newowner/workspace/fccTest/wp-content/plugins/theme-my-login/modules/custom-redirection/custom-redirection.php:118) in /Users/newowner/workspace/fccTest/wp-includes/pluggable.php on line 1207
[19-Oct-2015 19:48:33 UTC] PHP Notice:  Use of undefined constant php - assumed 'php' in /Users/newowner/workspace/fccTest/wp-content/plugins/fccTest-custom/shortcodes.php on line 422
[19-Oct-2015 19:49:37 UTC] PHP Notice:  Use of undefined constant php - assumed 'php' in /Users/newowner/workspace/fccTest/wp-content/plugins/fccTest-custom/shortcodes.php on line 422
[19-Oct-2015 19:51:40 UTC] PHP Notice:  Use of undefined constant php - assumed 'php' in /Users/newowner/workspace/fccTest/wp-content/plugins/fccTest-custom/shortcodes.php on line 422
[19-Oct-2015 19:51:57 UTC] PHP Notice:  Use of undefined constant php - assumed 'php' in /Users/newowner/workspace/fccTest/wp-content/plugins/fccTest-custom/shortcodes.php on line 422
[19-Oct-2015 19:53:01 UTC] PHP Notice:  Use of undefined constant php - assumed 'php' in /Users/newowner/workspace/fccTest/wp-content/plugins/fccTest-custom/shortcodes.php on line 422
[19-Oct-2015 19:53:34 UTC] PHP Notice:  Use of undefined constant php - assumed 'php' in /Users/newowner/workspace/fccTest/wp-content/plugins/fccTest-custom/shortcodes.php on line 422
[19-Oct-2015 19:57:21 UTC] PHP Notice:  Use of undefined constant php - assumed 'php' in /Users/newowner/workspace/fccTest/wp-content/plugins/fccTest-custom/shortcodes.php on line 422
[19-Oct-2015 20:13:15 UTC] PHP Notice:  Use of undefined constant php - assumed 'php' in /Users/newowner/workspace/fccTest/wp-content/plugins/fccTest-custom/shortcodes.php on line 422
[19-Oct-2015 20:13:37 UTC] PHP Notice:  Use of undefined constant php - assumed 'php' in /Users/newowner/workspace/fccTest/wp-content/plugins/fccTest-custom/shortcodes.php on line 422
[19-Oct-2015 20:20:19 UTC] PHP Parse error:  syntax error, unexpected '=>' (T_DOUBLE_ARROW) in /Users/newowner/workspace/fccTest/wp-content/themes/passFCCExams/functions.php on line 169
[19-Oct-2015 20:23:32 UTC] PHP Notice:  Use of undefined constant php - assumed 'php' in /Users/newowner/workspace/fccTest/wp-content/plugins/fccTest-custom/shortcodes.php on line 422
[19-Oct-2015 20:23:42 UTC] PHP Notice:  Use of undefined constant fIS_PROFILE_PAGE - assumed 'fIS_PROFILE_PAGE' in /Users/newowner/workspace/fccTest/wp-content/plugins/pmpro-register-helper/classes/class.field.php on line 477
[19-Oct-2015 20:24:40 UTC] PHP Notice:  Use of undefined constant fIS_PROFILE_PAGE - assumed 'fIS_PROFILE_PAGE' in /Users/newowner/workspace/fccTest/wp-content/plugins/pmpro-register-helper/classes/class.field.php on line 477
[19-Oct-2015 20:24:44 UTC] PHP Notice:  Use of undefined constant php - assumed 'php' in /Users/newowner/workspace/fccTest/wp-content/plugins/fccTest-custom/shortcodes.php on line 422
[19-Oct-2015 21:09:28 UTC] PHP Notice:  Use of undefined constant php - assumed 'php' in /Users/newowner/workspace/fccTest/wp-content/plugins/fccTest-custom/shortcodes.php on line 422
[19-Oct-2015 21:14:31 UTC] PHP Notice:  Use of undefined constant php - assumed 'php' in /Users/newowner/workspace/fccTest/wp-content/plugins/fccTest-custom/shortcodes.php on line 422
